<?xml version="1.0" encoding="UTF-8" ?>
<testsuite tests="17" failures="0" name="com.cse.ds.StudentTest" time="0.016" errors="0" skipped="0">
  <properties>
[...]
</properties>
  <testcase classname="com.cse.ds.StudentTest" name="EmptyOrders" time="0.002"/>
  <testcase classname="com.cse.ds.StudentTest" name="test1" time="0.012"/>
  <testcase classname="com.cse.ds.StudentTest" name="test2" time="0"/>
  <testcase classname="com.cse.ds.StudentTest" name="test2_2" time="0"/>
  <testcase classname="com.cse.ds.StudentTest" name="test2_3" time="0.001"/>
  <testcase classname="com.cse.ds.StudentTest" name="test2_4" time="0"/>
  <testcase classname="com.cse.ds.StudentTest" name="test2_5" time="0"/>
  <testcase classname="com.cse.ds.StudentTest" name="test3" time="0"/>
  <testcase classname="com.cse.ds.StudentTest" name="test4" time="0.001"/>
  <testcase classname="com.cse.ds.StudentTest" name="test5" time="0"/>
  <testcase classname="com.cse.ds.StudentTest" name="test6" time="0"/>
  <testcase classname="com.cse.ds.StudentTest" name="test7" time="0"/>
  <testcase classname="com.cse.ds.StudentTest" name="test9" time="0"/>
  <testcase classname="com.cse.ds.StudentTest" name="testDefaultConstructor" time="0"/>
  <testcase classname="com.cse.ds.StudentTest" name="testLargestCity" time="0"/>
  <testcase classname="com.cse.ds.StudentTest" name="testSmallestCity" time="0"/>
  <testcase classname="com.cse.ds.StudentTest" name="testbstEmpty" time="0"/>
</testsuite>